<?xml version="1.0" encoding="UTF-8"?>
<!-- Generated by org.testng.reporters.JUnitReportReporter -->
<testsuite hostname="DESKTOP-U5SUVO0" failures="0" tests="3" name="Util.SS_Electronics_10_Test" time="39.985" errors="0" timestamp="2024-03-27T17:21:00 IST" skipped="0">
  <testcase classname="Util.SS_Electronics_10_Test" name="TestCase" time="19.686">
    <system-out>
      <![CDATA[EXECUATION STARTED-> TestCase
EXECUATION DONE SUCCESSFULLY-> TestCase]]>
    </system-out>
  </testcase> <!-- TestCase -->
  <testcase classname="Util.SS_Electronics_10_Test" name="TestCase_09" time="8.680">
    <system-out>
      <![CDATA[EXECUATION STARTED-> TestCase_09
EXECUATION DONE SUCCESSFULLY-> TestCase_09]]>
    </system-out>
  </testcase> <!-- TestCase_09 -->
  <testcase classname="Util.SS_Electronics_10_Test" name="login" time="11.619">
    <system-out>
      <![CDATA[EXECUATION STARTED-> login
EXECUATION DONE SUCCESSFULLY-> login]]>
    </system-out>
  </testcase> <!-- login -->
  <system-out>
    <![CDATA[EXECUATION STARTED-> login
EXECUATION DONE SUCCESSFULLY-> login
EXECUATION STARTED-> TestCase
EXECUATION DONE SUCCESSFULLY-> TestCase
EXECUATION STARTED-> TestCase_09
EXECUATION DONE SUCCESSFULLY-> TestCase_09]]>
  </system-out>
</testsuite> <!-- Util.SS_Electronics_10_Test -->
