<?xml version="1.0" encoding="UTF-8"?>
<!-- Generated by org.testng.reporters.JUnitReportReporter -->
<testsuite hostname="DESKTOP-U5SUVO0" failures="0" tests="3" name="Util.SS_Electronics_08_Test" time="39.135" errors="0" timestamp="2024-03-27T16:37:01 IST" skipped="0">
  <testcase classname="Util.SS_Electronics_08_Test" name="TestCase" time="19.542">
    <system-out>
      <![CDATA[EXECUATION STARTED-> TestCase
EXECUATION DONE SUCCESSFULLY-> TestCase]]>
    </system-out>
  </testcase> <!-- TestCase -->
  <testcase classname="Util.SS_Electronics_08_Test" name="login" time="13.170">
    <system-out>
      <![CDATA[EXECUATION STARTED-> login
EXECUATION DONE SUCCESSFULLY-> login]]>
    </system-out>
  </testcase> <!-- login -->
  <testcase classname="Util.SS_Electronics_08_Test" name="TestCase_08" time="6.423">
    <system-out>
      <![CDATA[EXECUATION STARTED-> TestCase_08
EXECUATION DONE SUCCESSFULLY-> TestCase_08]]>
    </system-out>
  </testcase> <!-- TestCase_08 -->
  <system-out>
    <![CDATA[EXECUATION STARTED-> login
EXECUATION DONE SUCCESSFULLY-> login
EXECUATION STARTED-> TestCase
EXECUATION DONE SUCCESSFULLY-> TestCase
EXECUATION STARTED-> TestCase_08
EXECUATION DONE SUCCESSFULLY-> TestCase_08]]>
  </system-out>
</testsuite> <!-- Util.SS_Electronics_08_Test -->
