<?xml version="1.0" encoding="UTF-8"?>
<!-- Generated by org.testng.reporters.JUnitReportReporter -->
<testsuite hostname="DESKTOP-U5SUVO0" failures="0" tests="3" name="Util.SS_Electronics_09_Test" time="38.915" errors="0" timestamp="2024-03-27T16:41:48 IST" skipped="0">
  <testcase classname="Util.SS_Electronics_09_Test" name="TestCase_09" time="6.481">
    <system-out>
      <![CDATA[EXECUATION STARTED-> TestCase_09
EXECUATION DONE SUCCESSFULLY-> TestCase_09]]>
    </system-out>
  </testcase> <!-- TestCase_09 -->
  <testcase classname="Util.SS_Electronics_09_Test" name="login" time="12.881">
    <system-out>
      <![CDATA[EXECUATION STARTED-> login
EXECUATION DONE SUCCESSFULLY-> login]]>
    </system-out>
  </testcase> <!-- login -->
  <testcase classname="Util.SS_Electronics_09_Test" name="TestCase" time="19.553">
    <system-out>
      <![CDATA[EXECUATION STARTED-> TestCase
EXECUATION DONE SUCCESSFULLY-> TestCase]]>
    </system-out>
  </testcase> <!-- TestCase -->
  <system-out>
    <![CDATA[EXECUATION STARTED-> login
EXECUATION DONE SUCCESSFULLY-> login
EXECUATION STARTED-> TestCase
EXECUATION DONE SUCCESSFULLY-> TestCase
EXECUATION STARTED-> TestCase_09
EXECUATION DONE SUCCESSFULLY-> TestCase_09]]>
  </system-out>
</testsuite> <!-- Util.SS_Electronics_09_Test -->
