<?xml version="1.0" encoding="UTF-8"?>
<!-- Generated by org.testng.reporters.JUnitReportReporter -->
<testsuite hostname="DESKTOP-U5SUVO0" failures="0" tests="3" name="Util.SS_Electronics_38_Test" time="37.808" errors="0" timestamp="2024-03-28T09:25:56 IST" skipped="0">
  <testcase classname="Util.SS_Electronics_38_Test" name="TestCase" time="19.487">
    <system-out>
      <![CDATA[EXECUATION STARTED-> TestCase
EXECUATION DONE SUCCESSFULLY-> TestCase]]>
    </system-out>
  </testcase> <!-- TestCase -->
  <testcase classname="Util.SS_Electronics_38_Test" name="login" time="11.837">
    <system-out>
      <![CDATA[EXECUATION STARTED-> login
EXECUATION DONE SUCCESSFULLY-> login]]>
    </system-out>
  </testcase> <!-- login -->
  <testcase classname="Util.SS_Electronics_38_Test" name="TestCase_13" time="6.484">
    <system-out>
      <![CDATA[EXECUATION STARTED-> TestCase_13
EXECUATION DONE SUCCESSFULLY-> TestCase_13]]>
    </system-out>
  </testcase> <!-- TestCase_13 -->
  <system-out>
    <![CDATA[EXECUATION STARTED-> login
EXECUATION DONE SUCCESSFULLY-> login
EXECUATION STARTED-> TestCase
EXECUATION DONE SUCCESSFULLY-> TestCase
EXECUATION STARTED-> TestCase_13
EXECUATION DONE SUCCESSFULLY-> TestCase_13]]>
  </system-out>
</testsuite> <!-- Util.SS_Electronics_38_Test -->
