<?xml version="1.0" encoding="UTF-8"?>
<!-- Generated by org.testng.reporters.JUnitReportReporter -->
<testsuite hostname="DESKTOP-U5SUVO0" failures="0" tests="7" name="DataProvider.SheetDataProviderTest" time="0.047" errors="0" timestamp="2024-03-28T12:55:08 IST" skipped="0">
  <testcase classname="DataProvider.SheetDataProviderTest" name="enterData" time="0.004"/>
  <testcase classname="DataProvider.SheetDataProviderTest" name="enterData" time="0.009"/>
  <testcase classname="DataProvider.SheetDataProviderTest" name="enterData" time="0.013"/>
  <testcase classname="DataProvider.SheetDataProviderTest" name="enterData" time="0.004"/>
  <testcase classname="DataProvider.SheetDataProviderTest" name="enterData" time="0.009"/>
  <testcase classname="DataProvider.SheetDataProviderTest" name="enterData" time="0.004"/>
  <testcase classname="DataProvider.SheetDataProviderTest" name="enterData" time="0.004"/>
</testsuite> <!-- DataProvider.SheetDataProviderTest -->
