<?xml version="1.0" encoding="UTF-8"?>
<!-- Generated by org.testng.reporters.JUnitReportReporter -->
<testsuite hostname="DESKTOP-U5SUVO0" failures="0" tests="2" name="Util.SS_Electronics_Test" time="36.988" errors="0" timestamp="2024-03-28T17:48:00 IST" skipped="0">
  <testcase classname="Util.SS_Electronics_Test" name="login" time="17.050"/>
  <testcase classname="Util.SS_Electronics_Test" name="TestCase" time="19.938"/>
</testsuite> <!-- Util.SS_Electronics_Test -->
